Traceback (most recent call last):
  File "/Users/aschefler/opt/anaconda3/envs/tutorial_env/lib/python3.11/site-packages/jupyter_cache/executors/utils.py", line 58, in single_nb_execution
    executenb(
  File "/Users/aschefler/opt/anaconda3/envs/tutorial_env/lib/python3.11/site-packages/nbclient/client.py", line 1323, in execute
    return NotebookClient(nb=nb, resources=resources, km=km, **kwargs).execute()
           ^^^^^^^^^^^^^^^^^^^^^^^^^^^^^^^^^^^^^^^^^^^^^^^^^^^^^^^^^^^^^^^^^^^^^
  File "/Users/aschefler/opt/anaconda3/envs/tutorial_env/lib/python3.11/site-packages/jupyter_core/utils/__init__.py", line 165, in wrapped
    return loop.run_until_complete(inner)
           ^^^^^^^^^^^^^^^^^^^^^^^^^^^^^^
  File "/Users/aschefler/opt/anaconda3/envs/tutorial_env/lib/python3.11/asyncio/base_events.py", line 654, in run_until_complete
    return future.result()
           ^^^^^^^^^^^^^^^
  File "/Users/aschefler/opt/anaconda3/envs/tutorial_env/lib/python3.11/site-packages/nbclient/client.py", line 709, in async_execute
    await self.async_execute_cell(
  File "/Users/aschefler/opt/anaconda3/envs/tutorial_env/lib/python3.11/site-packages/nbclient/client.py", line 1062, in async_execute_cell
    await self._check_raise_for_error(cell, cell_index, exec_reply)
  File "/Users/aschefler/opt/anaconda3/envs/tutorial_env/lib/python3.11/site-packages/nbclient/client.py", line 918, in _check_raise_for_error
    raise CellExecutionError.from_cell_and_msg(cell, exec_reply_content)
nbclient.exceptions.CellExecutionError: An error occurred while executing the following cell:
------------------
## get catalog of available data
catalog = intake.open_esm_datastore(
    "https://raw.githubusercontent.com/NCAR/cesm2-le-aws/main/intake-catalogs/aws-cesm2-le.json"
)

## subset for temperature data
catalog_subset = catalog.search(
    variable="TREFHT", frequency="monthly", experiment="historical"
)

## open_dataset kwargs
xr_kwargs = dict(
    engine="zarr",
    decode_timedelta=True,
    chunks=dict(member=1, time=1980, nlat=None, nlon=None),
)

## kwargs for opening data
kwargs = dict(
    aggregate=True,
    xarray_open_kwargs=xr_kwargs,
    zarr_kwargs={"consolidated": True},
    storage_options={"anon": True},
)

## load data
dsets = catalog_subset.to_dataset_dict(**kwargs)
data = dsets["atm.historical.monthly.cmip6"]
------------------


[31m---------------------------------------------------------------------------[39m
[31mAttributeError[39m                            Traceback (most recent call last)
[36mCell[39m[36m [39m[32mIn[3][39m[32m, line 2[39m
[32m      1[39m [38;5;66;03m## get catalog of available data[39;00m
[32m----> [39m[32m2[39m catalog = intake.open_esm_datastore(
[32m      3[39m     [33m"https://raw.githubusercontent.com/NCAR/cesm2-le-aws/main/intake-catalogs/aws-cesm2-le.json"[39m
[32m      4[39m )
[32m      5[39m 

[36mFile [39m[32m~/opt/anaconda3/envs/tutorial_env/lib/python3.11/site-packages/intake/__init__.py:86[39m, in [36m__getattr__[39m[34m(attr)[39m
[32m     84[39m     [38;5;28;01melse[39;00m:
[32m     85[39m         registered_methods = [[33mf[39m[33m"[39m[33mopen_[39m[38;5;132;01m{[39;00mdriver[38;5;132;01m}[39;00m[33m"[39m [38;5;28;01mfor[39;00m driver [38;5;129;01min[39;00m registry.drivers.enabled_plugins()]
[32m---> [39m[32m86[39m         [38;5;28;01mraise[39;00m [38;5;167;01mAttributeError[39;00m(
[32m     87[39m             [33mf[39m[33m"[39m[33mUnknown open method [39m[33m'[39m[38;5;132;01m{[39;00mattr[38;5;132;01m}[39;00m[33m'[39m[33m. [39m[33m"[39m
[32m     88[39m             [33m"[39m[33mDo you need to install a new driver from the plugin directory? [39m[33m"[39m
[32m     89[39m             [33m"[39m[33mhttps://intake.readthedocs.io/en/latest/plugin-directory.html[39m[38;5;130;01m\n[39;00m[33m"[39m
[32m     90[39m             [33mf[39m[33m"[39m[33mRegistered opener methods: [39m[38;5;132;01m{[39;00mregistered_methods[38;5;132;01m}[39;00m[33m"[39m
[32m     91[39m         )
[32m     93[39m [38;5;28;01mraise[39;00m [38;5;167;01mAttributeError[39;00m(attr)

[31mAttributeError[39m: Unknown open method 'open_esm_datastore'. Do you need to install a new driver from the plugin directory? https://intake.readthedocs.io/en/latest/plugin-directory.html
Registered opener methods: ['open_csv', 'open_jsonfiles', 'open_ndzarr', 'open_numpy', 'open_textfiles', 'open_tiled_cat', 'open_yaml_file_cat', 'open_yaml_files_cat']

