Traceback (most recent call last):
  File "/Users/aschefler/opt/anaconda3/envs/tutorial_env/lib/python3.11/site-packages/jupyter_cache/executors/utils.py", line 58, in single_nb_execution
    executenb(
  File "/Users/aschefler/opt/anaconda3/envs/tutorial_env/lib/python3.11/site-packages/nbclient/client.py", line 1323, in execute
    return NotebookClient(nb=nb, resources=resources, km=km, **kwargs).execute()
           ^^^^^^^^^^^^^^^^^^^^^^^^^^^^^^^^^^^^^^^^^^^^^^^^^^^^^^^^^^^^^^^^^^^^^
  File "/Users/aschefler/opt/anaconda3/envs/tutorial_env/lib/python3.11/site-packages/jupyter_core/utils/__init__.py", line 165, in wrapped
    return loop.run_until_complete(inner)
           ^^^^^^^^^^^^^^^^^^^^^^^^^^^^^^
  File "/Users/aschefler/opt/anaconda3/envs/tutorial_env/lib/python3.11/asyncio/base_events.py", line 654, in run_until_complete
    return future.result()
           ^^^^^^^^^^^^^^^
  File "/Users/aschefler/opt/anaconda3/envs/tutorial_env/lib/python3.11/site-packages/nbclient/client.py", line 709, in async_execute
    await self.async_execute_cell(
  File "/Users/aschefler/opt/anaconda3/envs/tutorial_env/lib/python3.11/site-packages/nbclient/client.py", line 1062, in async_execute_cell
    await self._check_raise_for_error(cell, cell_index, exec_reply)
  File "/Users/aschefler/opt/anaconda3/envs/tutorial_env/lib/python3.11/site-packages/nbclient/client.py", line 918, in _check_raise_for_error
    raise CellExecutionError.from_cell_and_msg(cell, exec_reply_content)
nbclient.exceptions.CellExecutionError: An error occurred while executing the following cell:
------------------
## load all data and detrend
slp = load_data(server_fp="/Volumes")
slp_anom = detrend(slp).compute()
------------------


[31m---------------------------------------------------------------------------[39m
[31mOSError[39m                                   Traceback (most recent call last)
[36mCell[39m[36m [39m[32mIn[3][39m[32m, line 2[39m
[32m      1[39m [38;5;66;03m## load all data and detrend[39;00m
[32m----> [39m[32m2[39m slp = load_data(server_fp=[33m"/Volumes"[39m)
[32m      3[39m slp_anom = detrend(slp).compute()

[36mCell[39m[36m [39m[32mIn[2][39m[32m, line 44[39m, in [36mload_data[39m[34m(server_fp)[39m
[32m     40[39m         [38;5;66;03m## get full filepath[39;00m
[32m     41[39m         fp = pathlib.Path(server_fp) / fp_on_server
[32m     42[39m 
[32m     43[39m         [38;5;66;03m## open data[39;00m
[32m---> [39m[32m44[39m         data = xr.open_mfdataset(fp.glob([33m"*.nc"[39m))
[32m     45[39m 
[32m     46[39m         [38;5;66;03m## trim data[39;00m
[32m     47[39m         data = trim(data)

[36mFile [39m[32m~/opt/anaconda3/envs/tutorial_env/lib/python3.11/site-packages/xarray/backends/api.py:1591[39m, in [36mopen_mfdataset[39m[34m(paths, chunks, concat_dim, compat, preprocess, engine, data_vars, coords, combine, parallel, join, attrs_file, combine_attrs, errors, **kwargs)[39m
[32m   1588[39m paths = _find_absolute_paths(paths, engine=engine, **kwargs)
[32m   1590[39m [38;5;28;01mif[39;00m [38;5;129;01mnot[39;00m paths:
[32m-> [39m[32m1591[39m     [38;5;28;01mraise[39;00m [38;5;167;01mOSError[39;00m([33m"[39m[33mno files to open[39m[33m"[39m)
[32m   1593[39m paths1d: [38;5;28mlist[39m[[38;5;28mstr[39m | ReadBuffer]
[32m   1594[39m [38;5;28;01mif[39;00m combine == [33m"[39m[33mnested[39m[33m"[39m:

[31mOSError[39m: no files to open

