Traceback (most recent call last):
  File "/Users/aschefler/opt/anaconda3/envs/tutorial_env/lib/python3.11/site-packages/jupyter_cache/executors/utils.py", line 58, in single_nb_execution
    executenb(
  File "/Users/aschefler/opt/anaconda3/envs/tutorial_env/lib/python3.11/site-packages/nbclient/client.py", line 1323, in execute
    return NotebookClient(nb=nb, resources=resources, km=km, **kwargs).execute()
           ^^^^^^^^^^^^^^^^^^^^^^^^^^^^^^^^^^^^^^^^^^^^^^^^^^^^^^^^^^^^^^^^^^^^^
  File "/Users/aschefler/opt/anaconda3/envs/tutorial_env/lib/python3.11/site-packages/jupyter_core/utils/__init__.py", line 165, in wrapped
    return loop.run_until_complete(inner)
           ^^^^^^^^^^^^^^^^^^^^^^^^^^^^^^
  File "/Users/aschefler/opt/anaconda3/envs/tutorial_env/lib/python3.11/asyncio/base_events.py", line 654, in run_until_complete
    return future.result()
           ^^^^^^^^^^^^^^^
  File "/Users/aschefler/opt/anaconda3/envs/tutorial_env/lib/python3.11/site-packages/nbclient/client.py", line 709, in async_execute
    await self.async_execute_cell(
  File "/Users/aschefler/opt/anaconda3/envs/tutorial_env/lib/python3.11/site-packages/nbclient/client.py", line 1062, in async_execute_cell
    await self._check_raise_for_error(cell, cell_index, exec_reply)
  File "/Users/aschefler/opt/anaconda3/envs/tutorial_env/lib/python3.11/site-packages/nbclient/client.py", line 918, in _check_raise_for_error
    raise CellExecutionError.from_cell_and_msg(cell, exec_reply_content)
nbclient.exceptions.CellExecutionError: An error occurred while executing the following cell:
------------------
## define a preprocessing function
def preprocess(data):
    """pre-process data before loading it:
    1. Downsample in space
    2. only get DJF months
    """
    ## 1. Downsample in space
    data_ = data.interp({"longitude": lon_coarse, "latitude": lat_coarse}).compute()

    ## 2. Find indices of winter season
    month = data_.time.dt.month
    is_winter = (month == 12) | (month <= 2)

    ## select winter season
    data_ = data_.sel(time=is_winter)

    return data_


def djf_avg(data):
    """function to get Dec-Jan-Feb average"""

    ## first, resample from monthly to seasonal
    data_ = data.resample({"time": "QS-DEC"}).mean()

    ## next, select DJF season
    is_winter = data_.time.dt.month == 12
    data_ = data_.sel(time=is_winter)

    ## for convenience, replace "time" index with "year":
    ## label with year for Jan, (so Dec-'78,Jan-'79,Feb-'79 -> 1979)
    year = data_.time.dt.year.values + 1
    data_["time"] = year
    data_ = data_.rename({"time": "year"})

    return data_


## load prepped data
T2m_long = xr.open_mfdataset(file_list, preprocess=preprocess)

## Get DJF average
T2m_djf = djf_avg(T2m_long)
------------------


[31m---------------------------------------------------------------------------[39m
[31mAttributeError[39m                            Traceback (most recent call last)
[36mCell[39m[36m [39m[32mIn[21][39m[32m, line 40[39m
[32m     36[39m     [38;5;28;01mreturn[39;00m data_
[32m     37[39m 
[32m     38[39m 
[32m     39[39m [38;5;66;03m## load prepped data[39;00m
[32m---> [39m[32m40[39m T2m_long = xr.open_mfdataset(file_list, preprocess=preprocess)
[32m     41[39m 
[32m     42[39m [38;5;66;03m## Get DJF average[39;00m
[32m     43[39m T2m_djf = djf_avg(T2m_long)

[36mFile [39m[32m~/opt/anaconda3/envs/tutorial_env/lib/python3.11/site-packages/xarray/backends/api.py:1657[39m, in [36mopen_mfdataset[39m[34m(paths, chunks, concat_dim, compat, preprocess, engine, data_vars, coords, combine, parallel, join, attrs_file, combine_attrs, errors, **kwargs)[39m
[32m   1655[39m closers = [getattr_(ds, [33m"[39m[33m_close[39m[33m"[39m) [38;5;28;01mfor[39;00m ds [38;5;129;01min[39;00m datasets]
[32m   1656[39m [38;5;28;01mif[39;00m preprocess [38;5;129;01mis[39;00m [38;5;129;01mnot[39;00m [38;5;28;01mNone[39;00m:
[32m-> [39m[32m1657[39m     datasets = [30;43m[[39;49m[30;43mpreprocess[39;49m[30;43m([39;49m[30;43mds[39;49m[30;43m)[39;49m[30;43m [39;49m[30;43;01mfor[39;49;00m[30;43m [39;49m[30;43mds[39;49m[30;43m [39;49m[30;43;01min[39;49;00m[30;43m [39;49m[30;43mdatasets[39;49m[30;43m][39;49m
[32m   1659[39m [38;5;28;01mif[39;00m parallel:
[32m   1660[39m     [38;5;66;03m# calling compute here will return the datasets/file_objs lists,[39;00m
[32m   1661[39m     [38;5;66;03m# the underlying datasets will still be stored as dask arrays[39;00m
[32m   1662[39m     datasets, closers = dask.compute(datasets, closers)

[36mFile [39m[32m~/opt/anaconda3/envs/tutorial_env/lib/python3.11/site-packages/xarray/backends/api.py:1657[39m, in [36m<listcomp>[39m[34m(.0)[39m
[32m   1655[39m closers = [getattr_(ds, [33m"[39m[33m_close[39m[33m"[39m) [38;5;28;01mfor[39;00m ds [38;5;129;01min[39;00m datasets]
[32m   1656[39m [38;5;28;01mif[39;00m preprocess [38;5;129;01mis[39;00m [38;5;129;01mnot[39;00m [38;5;28;01mNone[39;00m:
[32m-> [39m[32m1657[39m     datasets = [[30;43mpreprocess[39;49m[30;43m([39;49m[30;43mds[39;49m[30;43m)[39;49m [38;5;28;01mfor[39;00m ds [38;5;129;01min[39;00m datasets]
[32m   1659[39m [38;5;28;01mif[39;00m parallel:
[32m   1660[39m     [38;5;66;03m# calling compute here will return the datasets/file_objs lists,[39;00m
[32m   1661[39m     [38;5;66;03m# the underlying datasets will still be stored as dask arrays[39;00m
[32m   1662[39m     datasets, closers = dask.compute(datasets, closers)

[36mCell[39m[36m [39m[32mIn[21][39m[32m, line 11[39m, in [36mpreprocess[39m[34m(data)[39m
[32m      7[39m     [38;5;66;03m## 1. Downsample in space[39;00m
[32m      8[39m     data_ = data.interp({[33m"longitude"[39m: lon_coarse, [33m"latitude"[39m: lat_coarse}).compute()
[32m      9[39m 
[32m     10[39m     [38;5;66;03m## 2. Find indices of winter season[39;00m
[32m---> [39m[32m11[39m     month = data_.time.dt.month
[32m     12[39m     is_winter = (month == [32m12[39m) | (month <= [32m2[39m)
[32m     13[39m 
[32m     14[39m     [38;5;66;03m## select winter season[39;00m

[36mFile [39m[32m~/opt/anaconda3/envs/tutorial_env/lib/python3.11/site-packages/xarray/core/common.py:306[39m, in [36mAttrAccessMixin.__getattr__[39m[34m(self, name)[39m
[32m    304[39m         [38;5;28;01mwith[39;00m suppress([38;5;167;01mKeyError[39;00m):
[32m    305[39m             [38;5;28;01mreturn[39;00m source[name]
[32m--> [39m[32m306[39m [38;5;28;01mraise[39;00m [38;5;167;01mAttributeError[39;00m(
[32m    307[39m     [33mf[39m[33m"[39m[38;5;132;01m{[39;00m[38;5;28mtype[39m([38;5;28mself[39m).[34m__name__[39m[38;5;132;01m!r}[39;00m[33m object has no attribute [39m[38;5;132;01m{[39;00mname[38;5;132;01m!r}[39;00m[33m"[39m
[32m    308[39m )

[31mAttributeError[39m: 'Dataset' object has no attribute 'time'

