Traceback (most recent call last):
  File "/Users/aschefler/opt/anaconda3/envs/tutorial_env/lib/python3.11/site-packages/jupyter_cache/executors/utils.py", line 58, in single_nb_execution
    executenb(
  File "/Users/aschefler/opt/anaconda3/envs/tutorial_env/lib/python3.11/site-packages/nbclient/client.py", line 1323, in execute
    return NotebookClient(nb=nb, resources=resources, km=km, **kwargs).execute()
           ^^^^^^^^^^^^^^^^^^^^^^^^^^^^^^^^^^^^^^^^^^^^^^^^^^^^^^^^^^^^^^^^^^^^^
  File "/Users/aschefler/opt/anaconda3/envs/tutorial_env/lib/python3.11/site-packages/jupyter_core/utils/__init__.py", line 165, in wrapped
    return loop.run_until_complete(inner)
           ^^^^^^^^^^^^^^^^^^^^^^^^^^^^^^
  File "/Users/aschefler/opt/anaconda3/envs/tutorial_env/lib/python3.11/asyncio/base_events.py", line 654, in run_until_complete
    return future.result()
           ^^^^^^^^^^^^^^^
  File "/Users/aschefler/opt/anaconda3/envs/tutorial_env/lib/python3.11/site-packages/nbclient/client.py", line 709, in async_execute
    await self.async_execute_cell(
  File "/Users/aschefler/opt/anaconda3/envs/tutorial_env/lib/python3.11/site-packages/nbclient/client.py", line 1062, in async_execute_cell
    await self._check_raise_for_error(cell, cell_index, exec_reply)
  File "/Users/aschefler/opt/anaconda3/envs/tutorial_env/lib/python3.11/site-packages/nbclient/client.py", line 918, in _check_raise_for_error
    raise CellExecutionError.from_cell_and_msg(cell, exec_reply_content)
nbclient.exceptions.CellExecutionError: An error occurred while executing the following cell:
------------------
import pathlib
import numpy as np
import xarray as xr
import cartopy.crs as ccrs
import matplotlib.pyplot as plt
import datetime
import seaborn as sns
import cmocean
import matplotlib.patches as mpatches
import matplotlib.ticker as mticker
import copy
import pandas as pd
import time
import intake
import xesmf as xe

## (optional) remove gridlines from plots
sns.set(rc={"axes.facecolor": "white", "axes.grid": False})
------------------


[31m---------------------------------------------------------------------------[39m
[31mModuleNotFoundError[39m                       Traceback (most recent call last)
[36mCell[39m[36m [39m[32mIn[1][39m[32m, line 14[39m
[32m     10[39m [38;5;28;01mimport[39;00m matplotlib.ticker [38;5;28;01mas[39;00m mticker
[32m     11[39m [38;5;28;01mimport[39;00m copy
[32m     12[39m [38;5;28;01mimport[39;00m pandas [38;5;28;01mas[39;00m pd
[32m     13[39m [38;5;28;01mimport[39;00m time
[32m---> [39m[32m14[39m [38;5;28;01mimport[39;00m intake
[32m     15[39m [38;5;28;01mimport[39;00m xesmf [38;5;28;01mas[39;00m xe
[32m     16[39m 
[32m     17[39m [38;5;66;03m## (optional) remove gridlines from plots[39;00m

[31mModuleNotFoundError[39m: No module named 'intake'

