Traceback (most recent call last):
  File "/Users/aschefler/opt/anaconda3/envs/tutorial_env/lib/python3.11/site-packages/jupyter_cache/executors/utils.py", line 58, in single_nb_execution
    executenb(
  File "/Users/aschefler/opt/anaconda3/envs/tutorial_env/lib/python3.11/site-packages/nbclient/client.py", line 1323, in execute
    return NotebookClient(nb=nb, resources=resources, km=km, **kwargs).execute()
           ^^^^^^^^^^^^^^^^^^^^^^^^^^^^^^^^^^^^^^^^^^^^^^^^^^^^^^^^^^^^^^^^^^^^^
  File "/Users/aschefler/opt/anaconda3/envs/tutorial_env/lib/python3.11/site-packages/jupyter_core/utils/__init__.py", line 165, in wrapped
    return loop.run_until_complete(inner)
           ^^^^^^^^^^^^^^^^^^^^^^^^^^^^^^
  File "/Users/aschefler/opt/anaconda3/envs/tutorial_env/lib/python3.11/asyncio/base_events.py", line 654, in run_until_complete
    return future.result()
           ^^^^^^^^^^^^^^^
  File "/Users/aschefler/opt/anaconda3/envs/tutorial_env/lib/python3.11/site-packages/nbclient/client.py", line 709, in async_execute
    await self.async_execute_cell(
  File "/Users/aschefler/opt/anaconda3/envs/tutorial_env/lib/python3.11/site-packages/nbclient/client.py", line 1062, in async_execute_cell
    await self._check_raise_for_error(cell, cell_index, exec_reply)
  File "/Users/aschefler/opt/anaconda3/envs/tutorial_env/lib/python3.11/site-packages/nbclient/client.py", line 918, in _check_raise_for_error
    raise CellExecutionError.from_cell_and_msg(cell, exec_reply_content)
nbclient.exceptions.CellExecutionError: An error occurred while executing the following cell:
------------------
## check if data exists:
files_exist = pathlib.Path(SAVE_FP, "data_hist.nc").is_file()

## try to load pre-computed data
if files_exist:
    data_hist = xr.open_dataarray(pathlib.Path(SAVE_FP, "data_hist.nc"))
    data_fut = xr.open_dataarray(pathlib.Path(SAVE_FP, "data_fut.nc"))

else:
    ## load the data
    data_hist, data_fut = load_datasets(
        varname=VARNAME,
        n_members=N_MEMBERS,
        lon_range=LON_RANGE,
        lat_range=LAT_RANGE,
        lens_fp=LENS_FP,
        load_from_cloud=LOAD_FROM_CLOUD,
    )
------------------


[31m---------------------------------------------------------------------------[39m
[31mOSError[39m                                   Traceback (most recent call last)
[36mCell[39m[36m [39m[32mIn[6][39m[32m, line 11[39m
[32m      7[39m     data_fut = xr.open_dataarray(pathlib.Path(SAVE_FP, [33m"data_fut.nc"[39m))
[32m      8[39m 
[32m      9[39m [38;5;28;01melse[39;00m:
[32m     10[39m     [38;5;66;03m## load the data[39;00m
[32m---> [39m[32m11[39m     data_hist, data_fut = load_datasets(
[32m     12[39m         varname=VARNAME,
[32m     13[39m         n_members=N_MEMBERS,
[32m     14[39m         lon_range=LON_RANGE,

[36mCell[39m[36m [39m[32mIn[3][39m[32m, line 135[39m, in [36mload_datasets[39m[34m(varname, lon_range, lat_range, lens_fp, load_from_cloud, n_members)[39m
[32m    131[39m         load_fn = load_from_server_fn
[32m    132[39m         kwargs[[33m"lens_fp"[39m] = lens_fp
[32m    133[39m 
[32m    134[39m     [38;5;66;03m## open the data[39;00m
[32m--> [39m[32m135[39m     data_hist = load_fn(simulation_type=[33m"historical"[39m, **kwargs)
[32m    136[39m     data_fut = load_fn(simulation_type=[33m"future"[39m, **kwargs)
[32m    137[39m 
[32m    138[39m     [38;5;66;03m## Load LSM (for regridding)[39;00m

[36mCell[39m[36m [39m[32mIn[3][39m[32m, line 32[39m, in [36mload_from_server_fn[39m[34m(lens_fp, simulation_type, lon_range, lat_range, n_members, varname)[39m
[32m     28[39m     [38;5;66;03m## get subset of files to load[39;00m
[32m     29[39m     files = files[:n_members]
[32m     30[39m 
[32m     31[39m     [38;5;66;03m## open the data (but don't load to memory)[39;00m
[32m---> [39m[32m32[39m     data = xr.open_mfdataset(
[32m     33[39m         files,
[32m     34[39m         concat_dim=[33m"member_id"[39m,
[32m     35[39m         decode_timedelta=[38;5;28;01mTrue[39;00m,

[36mFile [39m[32m~/opt/anaconda3/envs/tutorial_env/lib/python3.11/site-packages/xarray/backends/api.py:1591[39m, in [36mopen_mfdataset[39m[34m(paths, chunks, concat_dim, compat, preprocess, engine, data_vars, coords, combine, parallel, join, attrs_file, combine_attrs, errors, **kwargs)[39m
[32m   1588[39m paths = _find_absolute_paths(paths, engine=engine, **kwargs)
[32m   1590[39m [38;5;28;01mif[39;00m [38;5;129;01mnot[39;00m paths:
[32m-> [39m[32m1591[39m     [38;5;28;01mraise[39;00m [38;5;167;01mOSError[39;00m([33m"[39m[33mno files to open[39m[33m"[39m)
[32m   1593[39m paths1d: [38;5;28mlist[39m[[38;5;28mstr[39m | ReadBuffer]
[32m   1594[39m [38;5;28;01mif[39;00m combine == [33m"[39m[33mnested[39m[33m"[39m:

[31mOSError[39m: no files to open

